<?xml version="1.0" encoding="UTF-8"?>
<!-- Generated by org.testng.reporters.JUnitReportReporter -->
<testsuite hostname="WIN-QNH2QLCL96P" failures="0" tests="3" name="Tests.AddToWishListTest" time="2.827" errors="0" timestamp="2023-12-05T17:08:11 EET" skipped="0">
  <testcase classname="Tests.AddToWishListTest" name="userCanSearchForProductUsingAutoSuggest" time="1.412"/>
  <system-out/>
  <testcase classname="Tests.AddToWishListTest" name="userCanAddProductToWishList" time="0.874"/>
  <system-out/>
  <testcase classname="Tests.AddToWishListTest" name="userCanRemoveProductFromWishList" time="0.541"/>
  <system-out/>
</testsuite> <!-- Tests.AddToWishListTest -->
