<?xml version="1.0" encoding="UTF-8"?>
<!-- Generated by org.testng.reporters.JUnitReportReporter -->
<testsuite hostname="WIN-QNH2QLCL96P" failures="0" tests="3" name="Tests.addProductToCreditCardTest" time="3.686" errors="0" timestamp="2023-12-05T17:08:11 EET" skipped="0">
  <testcase classname="Tests.addProductToCreditCardTest" name="userCanSearchForProductUsingAutoSuggest" time="1.342"/>
  <system-out/>
  <testcase classname="Tests.addProductToCreditCardTest" name="userCanAddProductToCreditCard" time="1.761"/>
  <system-out/>
  <testcase classname="Tests.addProductToCreditCardTest" name="removeItemsFromCreditCardPage" time="0.583"/>
  <system-out/>
</testsuite> <!-- Tests.addProductToCreditCardTest -->
