<?xml version="1.0" encoding="UTF-8"?>
<!-- Generated by org.testng.reporters.JUnitReportReporter -->
<testsuite hostname="WIN-QNH2QLCL96P" failures="0" tests="2" name="Tests.userRegistratioinTestUsingDDTAndCSV" time="12.265" errors="0" timestamp="2023-12-13T15:12:07 EET" skipped="1">
  <testcase classname="Tests.userRegistratioinTestUsingDDTAndCSV" name="userCanRegistration" time="12.265"/>
  <system-out/>
  <testcase classname="Tests.userRegistratioinTestUsingDDTAndCSV" name="registeredUserCanLogin">
    <skipped/>
  </testcase> <!-- registeredUserCanLogin -->
  <system-out/>
</testsuite> <!-- Tests.userRegistratioinTestUsingDDTAndCSV -->
