<?xml version="1.0" encoding="UTF-8"?>
<!-- Generated by org.testng.reporters.JUnitReportReporter -->
<testsuite hostname="WIN-QNH2QLCL96P" failures="0" tests="3" name="Runner.TestRunner" time="16.191" errors="0" timestamp="2023-12-19T10:50:16 EET" skipped="0">
  <testcase classname="Runner.TestRunner" name="runScenario" time="1.711"/>
  <system-out/>
  <testcase classname="Runner.TestRunner" name="runScenario" time="6.592"/>
  <system-out/>
  <testcase classname="Runner.TestRunner" name="runScenario" time="7.888"/>
  <system-out/>
</testsuite> <!-- Runner.TestRunner -->
