<?xml version="1.0" encoding="UTF-8"?>
<!-- Generated by org.testng.reporters.JUnitReportReporter -->
<testsuite hostname="WIN-QNH2QLCL96P" failures="0" tests="1" name="Tests.searchProductTest" time="1.520" errors="0" timestamp="2023-12-06T12:11:10 EET" skipped="0">
  <testcase classname="Tests.searchProductTest" name="userCanSearchForProduct" time="1.520"/>
  <system-out/>
</testsuite> <!-- Tests.searchProductTest -->
