<?xml version="1.0" encoding="UTF-8"?>
<!-- Generated by org.testng.reporters.JUnitReportReporter -->
<testsuite hostname="WIN-QNH2QLCL96P" failures="0" tests="2" name="Tests.userRegistratioinTestUsingDDTAndJSON" time="4.442" errors="0" timestamp="2023-12-13T18:06:39 EET" skipped="1">
  <testcase classname="Tests.userRegistratioinTestUsingDDTAndJSON" name="userCanRegistration" time="4.442"/>
  <system-out/>
  <testcase classname="Tests.userRegistratioinTestUsingDDTAndJSON" name="registeredUserCanLogin">
    <skipped/>
  </testcase> <!-- registeredUserCanLogin -->
  <system-out/>
</testsuite> <!-- Tests.userRegistratioinTestUsingDDTAndJSON -->
