<?xml version="1.0" encoding="UTF-8"?>
<!-- Generated by org.testng.reporters.JUnitReportReporter -->
<testsuite hostname="WIN-QNH2QLCL96P" failures="0" tests="1" name="Tests.contactUsTest" time="2.234" errors="0" timestamp="2023-12-06T12:09:45 EET" skipped="0">
  <testcase classname="Tests.contactUsTest" name="userCanSendMessageFromContactUsPage" time="2.234"/>
  <system-out/>
</testsuite> <!-- Tests.contactUsTest -->
