<?xml version="1.0" encoding="UTF-8"?>
<!-- Generated by org.testng.reporters.JUnitReportReporter -->
<testsuite hostname="WIN-QNH2QLCL96P" failures="0" tests="3" name="Tests.userRegistratioinTestUsingDDTAndDataProvider" time="8.102" errors="0" timestamp="2023-12-12T12:52:54 EET" skipped="1">
  <testcase classname="Tests.userRegistratioinTestUsingDDTAndDataProvider" name="userCanRegistration" time="4.332"/>
  <system-out/>
  <testcase classname="Tests.userRegistratioinTestUsingDDTAndDataProvider" name="userCanRegistration" time="3.770"/>
  <system-out/>
  <testcase classname="Tests.userRegistratioinTestUsingDDTAndDataProvider" name="registeredUserCanLogin">
    <skipped/>
  </testcase> <!-- registeredUserCanLogin -->
  <system-out/>
</testsuite> <!-- Tests.userRegistratioinTestUsingDDTAndDataProvider -->
