<?xml version="1.0" encoding="UTF-8"?>
<!-- Generated by org.testng.reporters.JUnitReportReporter -->
<testsuite hostname="WIN-QNH2QLCL96P" failures="0" tests="2" name="Tests.userRegistratioinTestUsingDDTAndJavaFaker" time="4.404" errors="0" timestamp="2023-12-14T17:54:06 EET" skipped="1">
  <testcase classname="Tests.userRegistratioinTestUsingDDTAndJavaFaker" name="userCanRegistration" time="4.404"/>
  <system-out/>
  <testcase classname="Tests.userRegistratioinTestUsingDDTAndJavaFaker" name="registeredUserCanLogin">
    <skipped/>
  </testcase> <!-- registeredUserCanLogin -->
  <system-out/>
</testsuite> <!-- Tests.userRegistratioinTestUsingDDTAndJavaFaker -->
