<?xml version="1.0" encoding="UTF-8"?>
<!-- Generated by org.testng.reporters.JUnitReportReporter -->
<testsuite hostname="WIN-QNH2QLCL96P" failures="0" tests="2" name="Tests.userRegistratioinTestUsingDDTAndPropertiesFile" time="3.947" errors="0" timestamp="2023-12-12T15:08:50 EET" skipped="0">
  <testcase classname="Tests.userRegistratioinTestUsingDDTAndPropertiesFile" name="registeredUserCanLogin" time="1.492"/>
  <system-out/>
  <testcase classname="Tests.userRegistratioinTestUsingDDTAndPropertiesFile" name="userCanRegistration" time="2.455"/>
  <system-out/>
</testsuite> <!-- Tests.userRegistratioinTestUsingDDTAndPropertiesFile -->
