<?xml version="1.0" encoding="UTF-8"?>
<!-- Generated by org.testng.reporters.JUnitReportReporter -->
<testsuite hostname="WIN-QNH2QLCL96P" failures="0" tests="5" name="Tests.userRegistratioinTestUsingDDTAndPoiAndExcelReader" time="19.929" errors="0" timestamp="2023-12-13T13:59:49 EET" skipped="1">
  <testcase classname="Tests.userRegistratioinTestUsingDDTAndPoiAndExcelReader" name="userCanRegistration" time="7.931"/>
  <system-out/>
  <testcase classname="Tests.userRegistratioinTestUsingDDTAndPoiAndExcelReader" name="userCanRegistration" time="3.989"/>
  <system-out/>
  <testcase classname="Tests.userRegistratioinTestUsingDDTAndPoiAndExcelReader" name="userCanRegistration" time="4.007"/>
  <system-out/>
  <testcase classname="Tests.userRegistratioinTestUsingDDTAndPoiAndExcelReader" name="userCanRegistration" time="4.002"/>
  <system-out/>
  <testcase classname="Tests.userRegistratioinTestUsingDDTAndPoiAndExcelReader" name="registeredUserCanLogin">
    <skipped/>
  </testcase> <!-- registeredUserCanLogin -->
  <system-out/>
</testsuite> <!-- Tests.userRegistratioinTestUsingDDTAndPoiAndExcelReader -->
