<?xml version="1.0" encoding="UTF-8"?>
<!-- Generated by org.testng.reporters.JUnitReportReporter -->
<testsuite hostname="WIN-QNH2QLCL96P" failures="0" tests="5" name="Tests.myAccountChangePasswordTest" time="11.444" errors="0" timestamp="2023-12-06T12:05:31 EET" skipped="0">
  <testcase classname="Tests.myAccountChangePasswordTest" name="registeredUserCanLogin" time="3.507"/>
  <system-out/>
  <testcase classname="Tests.myAccountChangePasswordTest" name="userCanChangePassword" time="2.935"/>
  <system-out/>
  <testcase classname="Tests.myAccountChangePasswordTest" name="openChangePasswordPage" time="0.682"/>
  <system-out/>
  <testcase classname="Tests.myAccountChangePasswordTest" name="openMyAccountPage" time="0.510"/>
  <system-out/>
  <testcase classname="Tests.myAccountChangePasswordTest" name="userCanRegistration" time="3.810"/>
  <system-out/>
</testsuite> <!-- Tests.myAccountChangePasswordTest -->
