<?xml version="1.0" encoding="UTF-8"?>
<!-- Generated by org.testng.reporters.JUnitReportReporter -->
<testsuite hostname="WIN-QNH2QLCL96P" failures="0" tests="2" name="Tests.SelectCurrencyTest" time="2.169" errors="0" timestamp="2023-12-06T12:05:31 EET" skipped="0">
  <testcase classname="Tests.SelectCurrencyTest" name="userCanChangeCurrency" time="0.768"/>
  <system-out/>
  <testcase classname="Tests.SelectCurrencyTest" name="userCanSearchForProductUsingAutoSuggest" time="1.401"/>
  <system-out/>
</testsuite> <!-- Tests.SelectCurrencyTest -->
