<?xml version="1.0" encoding="UTF-8"?>
<!-- Generated by org.testng.reporters.JUnitReportReporter -->
<testsuite hostname="WIN-QNH2QLCL96P" failures="0" tests="1" name="Tests.searchForProductWithAutoSuggest" time="1.402" errors="0" timestamp="2023-12-06T12:05:31 EET" skipped="0">
  <testcase classname="Tests.searchForProductWithAutoSuggest" name="userCanSearchForProductUsingAutoSuggest" time="1.402"/>
  <system-out/>
</testsuite> <!-- Tests.searchForProductWithAutoSuggest -->
